<?xml version="1.0" encoding="UTF-8"?>
<testng-results ignored="0" total="1" passed="1" failed="0" skipped="0">
  <reporter-output>
  </reporter-output>
  <suite started-at="2024-07-10T13:04:44 IST" name="Default suite" finished-at="2024-07-10T13:04:58 IST" duration-ms="13971">
    <groups>
    </groups>
    <test started-at="2024-07-10T13:04:44 IST" name="Default test" finished-at="2024-07-10T13:04:58 IST" duration-ms="13971">
      <class name="com.test.SeleniumTestProject.TestRegistrationPage">
        <test-method signature="TestRegistraion()[pri:0, instance:com.test.SeleniumTestProject.TestRegistrationPage@55141def]" started-at="2024-07-10T13:04:44 IST" name="TestRegistraion" finished-at="2024-07-10T13:04:58 IST" duration-ms="13913" status="PASS">
          <reporter-output>
          </reporter-output>
        </test-method> <!-- TestRegistraion -->
      </class> <!-- com.test.SeleniumTestProject.TestRegistrationPage -->
    </test> <!-- Default test -->
  </suite> <!-- Default suite -->
</testng-results>
